nohup: 忽略输入
 --------------  打印所有的参数 ----------------
Namespace(agg='concat', batch_size=8192, dataset='music', dim=128, eval_batch_size=4096, item_triple_set_size=16, kg_loss_weight=0.01, l2_weight=0.0001, lr=0.0035, n_epoch=30, n_layer=3, random_flag=False, random_seed=42, show_topk=True, temperature=15, use_contrastive_loss=True, use_cross=True, use_cuda=True, use_kg_loss=True, use_knowledge_gate=True, user_triple_set_size=32)
 ---------------------------------------------
[2023-09-16 19:54:30,822] INFO: ================== preparing data ===================
[2023-09-16 19:54:30,822] INFO: load rating file: ../data/music/ratings_final.npy
[2023-09-16 19:54:30,836] INFO: splitting dataset to 6:2:2 ...
[2023-09-16 19:54:30,844] INFO: contructing users' initial entity set ...
[2023-09-16 19:54:30,878] INFO: contructing items' initial entity set ...
[2023-09-16 19:54:30,930] INFO: loading kg file: ../data/music/kg_final.npy
[2023-09-16 19:54:30,933] INFO: constructing knowledge graph ...
[2023-09-16 19:54:30,942] INFO: contructing users' kg triple sets ...
[2023-09-16 19:54:31,000] INFO: contructing items' kg triple sets ...
n_user:  1872 n_item:  3846 n_entity:  9366 n_relation:  60
[2023-09-16 19:54:31,185] INFO: ================== training CKAN ====================
use cuda!
[2023-09-16 19:54:34,689] INFO: epoch 00    eval auc: 0.7615 f1: 0.6984    test auc: 0.7593 f1: 0.7153
[2023-09-16 19:55:48,197] INFO: K@5:0.0413  K@10:0.0679  K@20:0.1033  K@50:0.1764  K@100:0.2977  
[2023-09-16 19:55:50,211] INFO: epoch 01    eval auc: 0.7757 f1: 0.7161    test auc: 0.7803 f1: 0.7378
[2023-09-16 19:57:03,439] INFO: K@5:0.0487  K@10:0.0710  K@20:0.0788  K@50:0.1560  K@100:0.2099  
[2023-09-16 19:57:05,464] INFO: epoch 02    eval auc: 0.7726 f1: 0.7194    test auc: 0.7812 f1: 0.7414
[2023-09-16 19:58:19,293] INFO: K@5:0.0708  K@10:0.1108  K@20:0.1267  K@50:0.1873  K@100:0.2852  
[2023-09-16 19:58:21,317] INFO: epoch 03    eval auc: 0.7678 f1: 0.7199    test auc: 0.7794 f1: 0.7433
[2023-09-16 19:59:34,572] INFO: K@5:0.0495  K@10:0.0657  K@20:0.1050  K@50:0.1342  K@100:0.1985  
[2023-09-16 19:59:36,608] INFO: epoch 04    eval auc: 0.7601 f1: 0.7138    test auc: 0.7744 f1: 0.7398
[2023-09-16 20:00:49,930] INFO: K@5:0.0240  K@10:0.0452  K@20:0.0580  K@50:0.1230  K@100:0.2345  
[2023-09-16 20:00:51,956] INFO: epoch 05    eval auc: 0.7538 f1: 0.7107    test auc: 0.7719 f1: 0.7377
[2023-09-16 20:02:05,258] INFO: K@5:0.0058  K@10:0.0123  K@20:0.0307  K@50:0.0699  K@100:0.1703  
[2023-09-16 20:02:07,283] INFO: epoch 06    eval auc: 0.7681 f1: 0.7162    test auc: 0.7868 f1: 0.7443
[2023-09-16 20:03:20,636] INFO: K@5:0.0558  K@10:0.0592  K@20:0.0783  K@50:0.1306  K@100:0.2041  
[2023-09-16 20:03:22,660] INFO: epoch 07    eval auc: 0.7936 f1: 0.7340    test auc: 0.8113 f1: 0.7580
[2023-09-16 20:04:36,036] INFO: K@5:0.0340  K@10:0.0540  K@20:0.0855  K@50:0.1588  K@100:0.2053  
[2023-09-16 20:04:38,063] INFO: epoch 08    eval auc: 0.8130 f1: 0.7363    test auc: 0.8301 f1: 0.7613
[2023-09-16 20:05:51,453] INFO: K@5:0.0528  K@10:0.1140  K@20:0.1623  K@50:0.1968  K@100:0.2706  
[2023-09-16 20:05:53,487] INFO: epoch 09    eval auc: 0.8229 f1: 0.7329    test auc: 0.8406 f1: 0.7412
[2023-09-16 20:07:06,733] INFO: K@5:0.0433  K@10:0.0817  K@20:0.1562  K@50:0.2676  K@100:0.3742  
[2023-09-16 20:07:08,765] INFO: epoch 10    eval auc: 0.8337 f1: 0.7197    test auc: 0.8517 f1: 0.7363
[2023-09-16 20:08:22,084] INFO: K@5:0.0482  K@10:0.1015  K@20:0.1315  K@50:0.2418  K@100:0.3378  
[2023-09-16 20:08:24,120] INFO: epoch 11    eval auc: 0.8479 f1: 0.7433    test auc: 0.8633 f1: 0.7596
[2023-09-16 20:09:37,414] INFO: K@5:0.1008  K@10:0.1533  K@20:0.2296  K@50:0.3542  K@100:0.4273  
[2023-09-16 20:09:39,453] INFO: epoch 12    eval auc: 0.8591 f1: 0.7640    test auc: 0.8706 f1: 0.7794
[2023-09-16 20:10:52,648] INFO: K@5:0.0620  K@10:0.0995  K@20:0.1757  K@50:0.2951  K@100:0.3713  
[2023-09-16 20:10:54,680] INFO: epoch 13    eval auc: 0.8665 f1: 0.7809    test auc: 0.8751 f1: 0.7851
[2023-09-16 20:12:07,930] INFO: K@5:0.0367  K@10:0.0937  K@20:0.2145  K@50:0.3532  K@100:0.4353  
[2023-09-16 20:12:09,970] INFO: epoch 14    eval auc: 0.8697 f1: 0.7817    test auc: 0.8763 f1: 0.7785
[2023-09-16 20:13:23,306] INFO: K@5:0.0620  K@10:0.1090  K@20:0.1705  K@50:0.3163  K@100:0.4243  
[2023-09-16 20:13:25,347] INFO: epoch 15    eval auc: 0.8711 f1: 0.7815    test auc: 0.8770 f1: 0.7809
[2023-09-16 20:14:38,633] INFO: K@5:0.0587  K@10:0.0912  K@20:0.1637  K@50:0.3362  K@100:0.4787  
[2023-09-16 20:14:40,665] INFO: epoch 16    eval auc: 0.8727 f1: 0.7804    test auc: 0.8784 f1: 0.7930
[2023-09-16 20:15:53,955] INFO: K@5:0.0815  K@10:0.1213  K@20:0.1647  K@50:0.2818  K@100:0.4391  
[2023-09-16 20:15:55,994] INFO: epoch 17    eval auc: 0.8736 f1: 0.7808    test auc: 0.8782 f1: 0.7890
[2023-09-16 20:17:09,376] INFO: K@5:0.1017  K@10:0.1520  K@20:0.2025  K@50:0.3372  K@100:0.4432  
[2023-09-16 20:17:11,406] INFO: epoch 18    eval auc: 0.8741 f1: 0.7762    test auc: 0.8779 f1: 0.7829
[2023-09-16 20:18:24,605] INFO: K@5:0.0882  K@10:0.1375  K@20:0.2053  K@50:0.3502  K@100:0.4593  
[2023-09-16 20:18:26,643] INFO: epoch 19    eval auc: 0.8738 f1: 0.7774    test auc: 0.8774 f1: 0.7780
[2023-09-16 20:19:39,926] INFO: K@5:0.0623  K@10:0.1018  K@20:0.1593  K@50:0.2790  K@100:0.4386  
[2023-09-16 20:19:41,965] INFO: epoch 20    eval auc: 0.8745 f1: 0.7833    test auc: 0.8761 f1: 0.7822
[2023-09-16 20:20:55,424] INFO: K@5:0.0820  K@10:0.1187  K@20:0.2045  K@50:0.3622  K@100:0.5038  
[2023-09-16 20:20:57,461] INFO: epoch 21    eval auc: 0.8739 f1: 0.7868    test auc: 0.8747 f1: 0.7835
[2023-09-16 20:22:10,926] INFO: K@5:0.0847  K@10:0.1237  K@20:0.1927  K@50:0.3219  K@100:0.4485  
[2023-09-16 20:22:12,966] INFO: epoch 22    eval auc: 0.8730 f1: 0.7795    test auc: 0.8722 f1: 0.7783
[2023-09-16 20:23:26,416] INFO: K@5:0.0602  K@10:0.1027  K@20:0.1594  K@50:0.2557  K@100:0.4015  
[2023-09-16 20:23:28,448] INFO: epoch 23    eval auc: 0.8723 f1: 0.7792    test auc: 0.8709 f1: 0.7813
[2023-09-16 20:24:41,750] INFO: K@5:0.0673  K@10:0.0982  K@20:0.1485  K@50:0.2970  K@100:0.4197  
[2023-09-16 20:24:43,784] INFO: epoch 24    eval auc: 0.8718 f1: 0.7778    test auc: 0.8706 f1: 0.7857
[2023-09-16 20:25:57,106] INFO: K@5:0.0698  K@10:0.1033  K@20:0.1605  K@50:0.2558  K@100:0.3886  
[2023-09-16 20:25:59,139] INFO: epoch 25    eval auc: 0.8709 f1: 0.7759    test auc: 0.8702 f1: 0.7852
[2023-09-16 20:27:12,370] INFO: K@5:0.0532  K@10:0.0668  K@20:0.1200  K@50:0.2467  K@100:0.3318  
[2023-09-16 20:27:14,405] INFO: epoch 26    eval auc: 0.8694 f1: 0.7791    test auc: 0.8702 f1: 0.7864
[2023-09-16 20:28:27,674] INFO: K@5:0.0217  K@10:0.0483  K@20:0.1089  K@50:0.2897  K@100:0.3998  
[2023-09-16 20:28:29,708] INFO: epoch 27    eval auc: 0.8685 f1: 0.7774    test auc: 0.8701 f1: 0.7840
[2023-09-16 20:29:42,931] INFO: K@5:0.0915  K@10:0.1462  K@20:0.2066  K@50:0.3149  K@100:0.4830  
[2023-09-16 20:29:44,964] INFO: epoch 28    eval auc: 0.8672 f1: 0.7727    test auc: 0.8687 f1: 0.7837
[2023-09-16 20:30:58,333] INFO: K@5:0.1215  K@10:0.1675  K@20:0.2443  K@50:0.3819  K@100:0.4805  
[2023-09-16 20:31:00,373] INFO: epoch 29    eval auc: 0.8671 f1: 0.7800    test auc: 0.8674 f1: 0.7823
[2023-09-16 20:32:13,670] INFO: K@5:0.0592  K@10:0.1087  K@20:0.1768  K@50:0.3310  K@100:0.4485  
